$ tsup && bun run generate-schema
CLI Building entry: src/index.ts
CLI Using tsconfig: tsconfig.json
CLI tsup v8.5.0
CLI Using tsup config: /home/coder/IdeaProjects/design-please/packages/config/tsup.config.ts
CLI Target: es2022
CLI Cleaning output folder
ESM Build start
ESM dist/index.js     8.17 KB
ESM dist/index.js.map 17.89 KB
ESM ⚡️ Build success in 18ms
DTS Build start
DTS ⚡️ Build success in 685ms
DTS dist/index.d.ts 9.53 KB
$ bun run scripts/generate-json-schema.ts
✅ JSON Schema generated: /home/coder/IdeaProjects/design-please/packages/config/dist/schema.json
   Schema version: 1.0.0
   Schema ID: https://unpkg.com/@pleaseai/config@1.0.0/dist/schema.json

📦 CDN URLs:
   unpkg: https://unpkg.com/@pleaseai/config@1.0.0/dist/schema.json
   jsdelivr: https://cdn.jsdelivr.net/npm/@pleaseai/config@1.0.0/dist/schema.json
